Analyzing image piotrkardasz/sylius-distroless-base-images:debian-bullseye-slim
    ...Storing image for indexing
    ✓ Image stored for indexing
    ...Indexing
    ✓ Indexed 139 packages
    ✗ Detected 15 vulnerable packages with a total of 24 vulnerabilities

  0C    0H    0M    4L  pcre3 2:8.39-13
pkg:deb/debian/pcre3@2:8.39-13?os_distro=bullseye&os_name=debian&os_version=11

    ✗ LOW CVE-2017-7245 [Improper Restriction of Operations within the Bounds of a Memory Buffer]
      https://dso.docker.com/cve/CVE-2017-7245
      Affected range : >=2:8.39-13                                   
      Fixed version  : not fixed                                     
      CVSS Score     : 7.8                                           
      CVSS Vector    : CVSS:3.0/AV:L/AC:L/PR:N/UI:R/S:U/C:H/I:H/A:H  
    
    ✗ LOW CVE-2017-7246 [Improper Restriction of Operations within the Bounds of a Memory Buffer]
      https://dso.docker.com/cve/CVE-2017-7246
      Affected range : >=2:8.39-13                                   
      Fixed version  : not fixed                                     
      CVSS Score     : 7.8                                           
      CVSS Vector    : CVSS:3.0/AV:L/AC:L/PR:N/UI:R/S:U/C:H/I:H/A:H  
    
    ✗ LOW CVE-2017-11164 [Uncontrolled Recursion]
      https://dso.docker.com/cve/CVE-2017-11164
      Affected range : >=2:8.39-13                                   
      Fixed version  : not fixed                                     
      CVSS Score     : 7.5                                           
      CVSS Vector    : CVSS:3.0/AV:N/AC:L/PR:N/UI:N/S:U/C:N/I:N/A:H  
    
    ✗ LOW CVE-2019-20838 [Out-of-bounds Read]
      https://dso.docker.com/cve/CVE-2019-20838
      Affected range : >=2:8.39-13                                   
      Fixed version  : not fixed                                     
      CVSS Score     : 7.5                                           
      CVSS Vector    : CVSS:3.1/AV:N/AC:L/PR:N/UI:N/S:U/C:N/I:N/A:H  
    

  0C    0H    0M    3L  shadow 1:4.8.1-1
pkg:deb/debian/shadow@1:4.8.1-1?os_distro=bullseye&os_name=debian&os_version=11

    ✗ LOW CVE-2019-19882 [Incorrect Permission Assignment for Critical Resource]
      https://dso.docker.com/cve/CVE-2019-19882
      Affected range : >=1:4.8.1-1                                   
      Fixed version  : not fixed                                     
      CVSS Score     : 7.8                                           
      CVSS Vector    : CVSS:3.1/AV:L/AC:L/PR:L/UI:N/S:U/C:H/I:H/A:H  
    
    ✗ LOW CVE-2007-5686 [Permissions, Privileges, and Access Controls]
      https://dso.docker.com/cve/CVE-2007-5686
      Affected range : >=1:4.8.1-1                 
      Fixed version  : not fixed                   
      CVSS Score     : 4.9                         
      CVSS Vector    : AV:L/AC:L/Au:N/C:C/I:N/A:N  
    
    ✗ LOW CVE-2013-4235 [Time-of-check Time-of-use (TOCTOU) Race Condition]
      https://dso.docker.com/cve/CVE-2013-4235
      Affected range : >=1:4.8.1-1                                   
      Fixed version  : not fixed                                     
      CVSS Score     : 4.7                                           
      CVSS Vector    : CVSS:3.1/AV:L/AC:H/PR:L/UI:N/S:U/C:N/I:H/A:N  
    

  0C    0H    0M    2L  tar 1.34+dfsg-1
pkg:deb/debian/tar@1.34+dfsg-1?os_distro=bullseye&os_name=debian&os_version=11

    ✗ LOW CVE-2005-2541
      https://dso.docker.com/cve/CVE-2005-2541
      Affected range : >=1.34+dfsg-1               
      Fixed version  : not fixed                   
      CVSS Score     : 10.0                        
      CVSS Vector    : AV:N/AC:L/Au:N/C:C/I:C/A:C  
    
    ✗ LOW CVE-2022-48303 [Out-of-bounds Read]
      https://dso.docker.com/cve/CVE-2022-48303
      Affected range : >=1.34+dfsg-1                                 
      Fixed version  : not fixed                                     
      CVSS Score     : 7.8                                           
      CVSS Vector    : CVSS:3.1/AV:L/AC:L/PR:N/UI:R/S:U/C:H/I:H/A:H  
    

  0C    0H    0M    2L  systemd 247.3-7+deb11u1
pkg:deb/debian/systemd@247.3-7+deb11u1?os_distro=bullseye&os_name=debian&os_version=11

    ✗ LOW CVE-2020-13529 [Authentication Bypass by Spoofing]
      https://dso.docker.com/cve/CVE-2020-13529
      Affected range : >=247.3-7+deb11u1                             
      Fixed version  : not fixed                                     
      CVSS Score     : 6.1                                           
      CVSS Vector    : CVSS:3.1/AV:A/AC:H/PR:N/UI:N/S:C/C:N/I:N/A:H  
    
    ✗ LOW CVE-2013-4392 [Improper Link Resolution Before File Access ('Link Following')]
      https://dso.docker.com/cve/CVE-2013-4392
      Affected range : >=247.3-7+deb11u1           
      Fixed version  : not fixed                   
      CVSS Score     : 3.3                         
      CVSS Vector    : AV:L/AC:M/Au:N/C:P/I:P/A:N  
    

  0C    0H    0M    2L  glibc 2.31-13+deb11u5
pkg:deb/debian/glibc@2.31-13+deb11u5?os_distro=bullseye&os_name=debian&os_version=11

    ✗ LOW CVE-2018-20796 [Uncontrolled Recursion]
      https://dso.docker.com/cve/CVE-2018-20796
      Affected range : >=2.31-13+deb11u5                             
      Fixed version  : not fixed                                     
      CVSS Score     : 7.5                                           
      CVSS Vector    : CVSS:3.0/AV:N/AC:L/PR:N/UI:N/S:U/C:N/I:N/A:H  
    
    ✗ LOW CVE-2010-4756 [Resource Management Errors]
      https://dso.docker.com/cve/CVE-2010-4756
      Affected range : >=2.31-13+deb11u5           
      Fixed version  : not fixed                   
      CVSS Score     : 4.0                         
      CVSS Vector    : AV:N/AC:L/Au:S/C:N/I:N/A:P  
    

  0C    0H    0M    2L  openssl 1.1.1n-0+deb11u4
pkg:deb/debian/openssl@1.1.1n-0+deb11u4?os_distro=bullseye&os_name=debian&os_version=11

    ✗ LOW CVE-2007-6755 [Use of a Broken or Risky Cryptographic Algorithm]
      https://dso.docker.com/cve/CVE-2007-6755
      Affected range : >=1.1.1n-0+deb11u3          
      Fixed version  : not fixed                   
      CVSS Score     : 5.8                         
      CVSS Vector    : AV:N/AC:M/Au:N/C:P/I:P/A:N  
    
    ✗ LOW CVE-2010-0928 [Cryptographic Issues]
      https://dso.docker.com/cve/CVE-2010-0928
      Affected range : >=1.1.1n-0+deb11u3          
      Fixed version  : not fixed                   
      CVSS Score     : 4.0                         
      CVSS Vector    : AV:L/AC:H/Au:N/C:C/I:N/A:N  
    

  0C    0H    0M    1L  krb5 1.18.3-6+deb11u3
pkg:deb/debian/krb5@1.18.3-6+deb11u3?os_distro=bullseye&os_name=debian&os_version=11

    ✗ LOW CVE-2018-5709 [Integer Overflow or Wraparound]
      https://dso.docker.com/cve/CVE-2018-5709
      Affected range : >=1.18.3-6+deb11u3                            
      Fixed version  : not fixed                                     
      CVSS Score     : 7.5                                           
      CVSS Vector    : CVSS:3.0/AV:N/AC:L/PR:N/UI:N/S:U/C:N/I:H/A:N  
    

  0C    0H    0M    1L  apt 2.2.4
pkg:deb/debian/apt@2.2.4?os_distro=bullseye&os_name=debian&os_version=11

    ✗ LOW CVE-2011-3374 [Improper Verification of Cryptographic Signature]
      https://dso.docker.com/cve/CVE-2011-3374
      Affected range : >=2.2.4                                       
      Fixed version  : not fixed                                     
      CVSS Score     : 3.7                                           
      CVSS Vector    : CVSS:3.1/AV:N/AC:H/PR:N/UI:N/S:U/C:N/I:L/A:N  
    

  0C    0H    0M    1L  coreutils 8.32-4+b1
pkg:deb/debian/coreutils@8.32-4+b1?os_distro=bullseye&os_name=debian&os_version=11

    ✗ LOW CVE-2017-18018 [Concurrent Execution using Shared Resource with Improper Synchronization ('Race Condition')]
      https://dso.docker.com/cve/CVE-2017-18018
      Affected range : >=8.32-4                                      
      Fixed version  : not fixed                                     
      CVSS Score     : 4.7                                           
      CVSS Vector    : CVSS:3.0/AV:L/AC:H/PR:L/UI:N/S:U/C:N/I:H/A:N  
    

  0C    0H    0M    1L  util-linux 2.36.1-8+deb11u1
pkg:deb/debian/util-linux@2.36.1-8+deb11u1?os_distro=bullseye&os_name=debian&os_version=11

    ✗ LOW CVE-2022-0563 [Generation of Error Message Containing Sensitive Information]
      https://dso.docker.com/cve/CVE-2022-0563
      Affected range : >=2.36.1-8+deb11u1                            
      Fixed version  : not fixed                                     
      CVSS Score     : 5.5                                           
      CVSS Vector    : CVSS:3.1/AV:L/AC:L/PR:L/UI:N/S:U/C:H/I:N/A:N  
    

  0C    0H    0M    1L  gnutls28 3.7.1-5+deb11u3
pkg:deb/debian/gnutls28@3.7.1-5+deb11u3?os_distro=bullseye&os_name=debian&os_version=11

    ✗ LOW CVE-2011-3389 [Inadequate Encryption Strength]
      https://dso.docker.com/cve/CVE-2011-3389
      Affected range : >=3.7.1-5+deb11u2           
      Fixed version  : not fixed                   
      CVSS Score     : 4.3                         
      CVSS Vector    : AV:N/AC:M/Au:N/C:P/I:N/A:N  
    

  0C    0H    0M    1L  libgcrypt20 1.8.7-6
pkg:deb/debian/libgcrypt20@1.8.7-6?os_distro=bullseye&os_name=debian&os_version=11

    ✗ LOW CVE-2018-6829 [Use of a Broken or Risky Cryptographic Algorithm]
      https://dso.docker.com/cve/CVE-2018-6829
      Affected range : >=1.8.7-6                                     
      Fixed version  : not fixed                                     
      CVSS Score     : 7.5                                           
      CVSS Vector    : CVSS:3.0/AV:N/AC:L/PR:N/UI:N/S:U/C:H/I:N/A:N  
    

  0C    0H    0M    1L  gnupg2 2.2.27-2+deb11u2
pkg:deb/debian/gnupg2@2.2.27-2+deb11u2?os_distro=bullseye&os_name=debian&os_version=11

    ✗ LOW CVE-2022-3219 [Out-of-bounds Write]
      https://dso.docker.com/cve/CVE-2022-3219
      Affected range : >=2.2.27-2+deb11u2                            
      Fixed version  : not fixed                                     
      CVSS Score     : 5.5                                           
      CVSS Vector    : CVSS:3.1/AV:L/AC:L/PR:L/UI:N/S:U/C:N/I:N/A:H  
    

  0C    0H    0M    1L  perl 5.32.1-4+deb11u2
pkg:deb/debian/perl@5.32.1-4+deb11u2?os_distro=bullseye&os_name=debian&os_version=11

    ✗ LOW CVE-2011-4116 [Improper Link Resolution Before File Access ('Link Following')]
      https://dso.docker.com/cve/CVE-2011-4116
      Affected range : >=5.32.1-4+deb11u2                            
      Fixed version  : not fixed                                     
      CVSS Score     : 7.5                                           
      CVSS Vector    : CVSS:3.1/AV:N/AC:L/PR:N/UI:N/S:U/C:N/I:H/A:N  
    

  0C    0H    0M    0L  ncurses 6.2+20201114-2
pkg:deb/debian/ncurses@6.2+20201114-2?os_distro=bullseye&os_name=debian&os_version=11

     CVE-2023-29491
      https://dso.docker.com/cve/CVE-2023-29491
      Affected range : >=6.2+20201114-2  
      Fixed version  : not fixed         
    


The image contains 15 packages with one or more vulnerability for a total of 23 vulnerabilities
  LOW      | 23  
  MEDIUM   | 0   
  HIGH     | 0   
  CRITICAL | 0   

