
Testing debian:bullseye-slim...

✗ Low severity vulnerability found in util-linux/libblkid1
  Description: Information Exposure
  Info: https://security.snyk.io/vuln/SNYK-DEBIAN11-UTILLINUX-2401081
  Introduced through: util-linux/libblkid1@2.36.1-8+deb11u1, e2fsprogs@1.46.2-2, util-linux/libmount1@2.36.1-8+deb11u1, util-linux/mount@2.36.1-8+deb11u1, util-linux/libuuid1@2.36.1-8+deb11u1, util-linux@2.36.1-8+deb11u1, util-linux/bsdutils@1:2.36.1-8+deb11u1, util-linux/libsmartcols1@2.36.1-8+deb11u1
  From: util-linux/libblkid1@2.36.1-8+deb11u1
  From: e2fsprogs@1.46.2-2 > util-linux/libblkid1@2.36.1-8+deb11u1
  From: util-linux/libmount1@2.36.1-8+deb11u1 > util-linux/libblkid1@2.36.1-8+deb11u1
  and 15 more...

✗ Low severity vulnerability found in tar
  Description: Out-of-bounds Read
  Info: https://security.snyk.io/vuln/SNYK-DEBIAN11-TAR-3253527
  Introduced through: meta-common-packages@meta
  From: meta-common-packages@meta > tar@1.34+dfsg-1

✗ Low severity vulnerability found in tar
  Description: CVE-2005-2541
  Info: https://security.snyk.io/vuln/SNYK-DEBIAN11-TAR-523480
  Introduced through: meta-common-packages@meta
  From: meta-common-packages@meta > tar@1.34+dfsg-1

✗ Low severity vulnerability found in systemd/libsystemd0
  Description: Authentication Bypass
  Info: https://security.snyk.io/vuln/SNYK-DEBIAN11-SYSTEMD-1291054
  Introduced through: systemd/libsystemd0@247.3-7+deb11u1, apt@2.2.4, util-linux/bsdutils@1:2.36.1-8+deb11u1, util-linux/mount@2.36.1-8+deb11u1, systemd/libudev1@247.3-7+deb11u1
  From: systemd/libsystemd0@247.3-7+deb11u1
  From: apt@2.2.4 > systemd/libsystemd0@247.3-7+deb11u1
  From: util-linux/bsdutils@1:2.36.1-8+deb11u1 > systemd/libsystemd0@247.3-7+deb11u1
  and 5 more...

✗ Low severity vulnerability found in systemd/libsystemd0
  Description: Off-by-one Error
  Info: https://security.snyk.io/vuln/SNYK-DEBIAN11-SYSTEMD-3111119
  Introduced through: systemd/libsystemd0@247.3-7+deb11u1, apt@2.2.4, util-linux/bsdutils@1:2.36.1-8+deb11u1, util-linux/mount@2.36.1-8+deb11u1, systemd/libudev1@247.3-7+deb11u1
  From: systemd/libsystemd0@247.3-7+deb11u1
  From: apt@2.2.4 > systemd/libsystemd0@247.3-7+deb11u1
  From: util-linux/bsdutils@1:2.36.1-8+deb11u1 > systemd/libsystemd0@247.3-7+deb11u1
  and 5 more...

✗ Low severity vulnerability found in systemd/libsystemd0
  Description: CVE-2022-4415
  Info: https://security.snyk.io/vuln/SNYK-DEBIAN11-SYSTEMD-3177742
  Introduced through: systemd/libsystemd0@247.3-7+deb11u1, apt@2.2.4, util-linux/bsdutils@1:2.36.1-8+deb11u1, util-linux/mount@2.36.1-8+deb11u1, systemd/libudev1@247.3-7+deb11u1
  From: systemd/libsystemd0@247.3-7+deb11u1
  From: apt@2.2.4 > systemd/libsystemd0@247.3-7+deb11u1
  From: util-linux/bsdutils@1:2.36.1-8+deb11u1 > systemd/libsystemd0@247.3-7+deb11u1
  and 5 more...

✗ Low severity vulnerability found in systemd/libsystemd0
  Description: Link Following
  Info: https://security.snyk.io/vuln/SNYK-DEBIAN11-SYSTEMD-524969
  Introduced through: systemd/libsystemd0@247.3-7+deb11u1, apt@2.2.4, util-linux/bsdutils@1:2.36.1-8+deb11u1, util-linux/mount@2.36.1-8+deb11u1, systemd/libudev1@247.3-7+deb11u1
  From: systemd/libsystemd0@247.3-7+deb11u1
  From: apt@2.2.4 > systemd/libsystemd0@247.3-7+deb11u1
  From: util-linux/bsdutils@1:2.36.1-8+deb11u1 > systemd/libsystemd0@247.3-7+deb11u1
  and 5 more...

✗ Low severity vulnerability found in shadow/passwd
  Description: NULL Pointer Dereference
  Info: https://security.snyk.io/vuln/SNYK-DEBIAN11-SHADOW-3310898
  Introduced through: shadow/passwd@1:4.8.1-1, adduser@3.118, shadow/login@1:4.8.1-1, util-linux/mount@2.36.1-8+deb11u1
  From: shadow/passwd@1:4.8.1-1
  From: adduser@3.118 > shadow/passwd@1:4.8.1-1
  From: shadow/login@1:4.8.1-1
  and 1 more...

✗ Low severity vulnerability found in shadow/passwd
  Description: Access Restriction Bypass
  Info: https://security.snyk.io/vuln/SNYK-DEBIAN11-SHADOW-526940
  Introduced through: shadow/passwd@1:4.8.1-1, adduser@3.118, shadow/login@1:4.8.1-1, util-linux/mount@2.36.1-8+deb11u1
  From: shadow/passwd@1:4.8.1-1
  From: adduser@3.118 > shadow/passwd@1:4.8.1-1
  From: shadow/login@1:4.8.1-1
  and 1 more...

✗ Low severity vulnerability found in shadow/passwd
  Description: Time-of-check Time-of-use (TOCTOU)
  Info: https://security.snyk.io/vuln/SNYK-DEBIAN11-SHADOW-528840
  Introduced through: shadow/passwd@1:4.8.1-1, adduser@3.118, shadow/login@1:4.8.1-1, util-linux/mount@2.36.1-8+deb11u1
  From: shadow/passwd@1:4.8.1-1
  From: adduser@3.118 > shadow/passwd@1:4.8.1-1
  From: shadow/login@1:4.8.1-1
  and 1 more...

✗ Low severity vulnerability found in shadow/passwd
  Description: Incorrect Permission Assignment for Critical Resource
  Info: https://security.snyk.io/vuln/SNYK-DEBIAN11-SHADOW-539870
  Introduced through: shadow/passwd@1:4.8.1-1, adduser@3.118, shadow/login@1:4.8.1-1, util-linux/mount@2.36.1-8+deb11u1
  From: shadow/passwd@1:4.8.1-1
  From: adduser@3.118 > shadow/passwd@1:4.8.1-1
  From: shadow/login@1:4.8.1-1
  and 1 more...

✗ Low severity vulnerability found in shadow/passwd
  Description: Arbitrary Code Injection
  Info: https://security.snyk.io/vuln/SNYK-DEBIAN11-SHADOW-5423922
  Introduced through: shadow/passwd@1:4.8.1-1, adduser@3.118, shadow/login@1:4.8.1-1, util-linux/mount@2.36.1-8+deb11u1
  From: shadow/passwd@1:4.8.1-1
  From: adduser@3.118 > shadow/passwd@1:4.8.1-1
  From: shadow/login@1:4.8.1-1
  and 1 more...

✗ Low severity vulnerability found in perl/perl-base
  Description: Improper Verification of Cryptographic Signature
  Info: https://security.snyk.io/vuln/SNYK-DEBIAN11-PERL-1925976
  Introduced through: meta-common-packages@meta
  From: meta-common-packages@meta > perl/perl-base@5.32.1-4+deb11u2

✗ Low severity vulnerability found in perl/perl-base
  Description: Link Following
  Info: https://security.snyk.io/vuln/SNYK-DEBIAN11-PERL-532614
  Introduced through: meta-common-packages@meta
  From: meta-common-packages@meta > perl/perl-base@5.32.1-4+deb11u2

✗ Low severity vulnerability found in pcre3/libpcre3
  Description: Out-of-Bounds
  Info: https://security.snyk.io/vuln/SNYK-DEBIAN11-PCRE3-523392
  Introduced through: pcre3/libpcre3@2:8.39-13, grep@3.6-1
  From: pcre3/libpcre3@2:8.39-13
  From: grep@3.6-1 > pcre3/libpcre3@2:8.39-13

✗ Low severity vulnerability found in pcre3/libpcre3
  Description: Out-of-Bounds
  Info: https://security.snyk.io/vuln/SNYK-DEBIAN11-PCRE3-525075
  Introduced through: pcre3/libpcre3@2:8.39-13, grep@3.6-1
  From: pcre3/libpcre3@2:8.39-13
  From: grep@3.6-1 > pcre3/libpcre3@2:8.39-13

✗ Low severity vulnerability found in pcre3/libpcre3
  Description: Uncontrolled Recursion
  Info: https://security.snyk.io/vuln/SNYK-DEBIAN11-PCRE3-529298
  Introduced through: pcre3/libpcre3@2:8.39-13, grep@3.6-1
  From: pcre3/libpcre3@2:8.39-13
  From: grep@3.6-1 > pcre3/libpcre3@2:8.39-13

✗ Low severity vulnerability found in pcre3/libpcre3
  Description: Out-of-Bounds
  Info: https://security.snyk.io/vuln/SNYK-DEBIAN11-PCRE3-529490
  Introduced through: pcre3/libpcre3@2:8.39-13, grep@3.6-1
  From: pcre3/libpcre3@2:8.39-13
  From: grep@3.6-1 > pcre3/libpcre3@2:8.39-13

✗ Low severity vulnerability found in pcre3/libpcre3
  Description: Out-of-bounds Read
  Info: https://security.snyk.io/vuln/SNYK-DEBIAN11-PCRE3-572353
  Introduced through: pcre3/libpcre3@2:8.39-13, grep@3.6-1
  From: pcre3/libpcre3@2:8.39-13
  From: grep@3.6-1 > pcre3/libpcre3@2:8.39-13

✗ Low severity vulnerability found in openssl/libssl1.1
  Description: Improper Certificate Validation
  Info: https://security.snyk.io/vuln/SNYK-DEBIAN11-OPENSSL-3368735
  Introduced through: openssl/libssl1.1@1.1.1n-0+deb11u4, adduser@3.118
  From: openssl/libssl1.1@1.1.1n-0+deb11u4
  From: adduser@3.118 > shadow/passwd@1:4.8.1-1 > pam/libpam-modules@1.4.0-9+deb11u1 > libnsl/libnsl2@1.3.0-2 > libtirpc/libtirpc3@1.3.1-1+deb11u1 > krb5/libgssapi-krb5-2@1.18.3-6+deb11u3 > krb5/libkrb5-3@1.18.3-6+deb11u3 > openssl/libssl1.1@1.1.1n-0+deb11u4

✗ Low severity vulnerability found in openssl/libssl1.1
  Description: Cryptographic Issues
  Info: https://security.snyk.io/vuln/SNYK-DEBIAN11-OPENSSL-518334
  Introduced through: openssl/libssl1.1@1.1.1n-0+deb11u4, adduser@3.118
  From: openssl/libssl1.1@1.1.1n-0+deb11u4
  From: adduser@3.118 > shadow/passwd@1:4.8.1-1 > pam/libpam-modules@1.4.0-9+deb11u1 > libnsl/libnsl2@1.3.0-2 > libtirpc/libtirpc3@1.3.1-1+deb11u1 > krb5/libgssapi-krb5-2@1.18.3-6+deb11u3 > krb5/libkrb5-3@1.18.3-6+deb11u3 > openssl/libssl1.1@1.1.1n-0+deb11u4

✗ Low severity vulnerability found in openssl/libssl1.1
  Description: Cryptographic Issues
  Info: https://security.snyk.io/vuln/SNYK-DEBIAN11-OPENSSL-525332
  Introduced through: openssl/libssl1.1@1.1.1n-0+deb11u4, adduser@3.118
  From: openssl/libssl1.1@1.1.1n-0+deb11u4
  From: adduser@3.118 > shadow/passwd@1:4.8.1-1 > pam/libpam-modules@1.4.0-9+deb11u1 > libnsl/libnsl2@1.3.0-2 > libtirpc/libtirpc3@1.3.1-1+deb11u1 > krb5/libgssapi-krb5-2@1.18.3-6+deb11u3 > krb5/libkrb5-3@1.18.3-6+deb11u3 > openssl/libssl1.1@1.1.1n-0+deb11u4

✗ Low severity vulnerability found in openssl/libssl1.1
  Description: Improper Certificate Validation
  Info: https://security.snyk.io/vuln/SNYK-DEBIAN11-OPENSSL-5291773
  Introduced through: openssl/libssl1.1@1.1.1n-0+deb11u4, adduser@3.118
  From: openssl/libssl1.1@1.1.1n-0+deb11u4
  From: adduser@3.118 > shadow/passwd@1:4.8.1-1 > pam/libpam-modules@1.4.0-9+deb11u1 > libnsl/libnsl2@1.3.0-2 > libtirpc/libtirpc3@1.3.1-1+deb11u1 > krb5/libgssapi-krb5-2@1.18.3-6+deb11u3 > krb5/libkrb5-3@1.18.3-6+deb11u3 > openssl/libssl1.1@1.1.1n-0+deb11u4

✗ Low severity vulnerability found in openssl/libssl1.1
  Description: Improper Certificate Validation
  Info: https://security.snyk.io/vuln/SNYK-DEBIAN11-OPENSSL-5291777
  Introduced through: openssl/libssl1.1@1.1.1n-0+deb11u4, adduser@3.118
  From: openssl/libssl1.1@1.1.1n-0+deb11u4
  From: adduser@3.118 > shadow/passwd@1:4.8.1-1 > pam/libpam-modules@1.4.0-9+deb11u1 > libnsl/libnsl2@1.3.0-2 > libtirpc/libtirpc3@1.3.1-1+deb11u1 > krb5/libgssapi-krb5-2@1.18.3-6+deb11u3 > krb5/libkrb5-3@1.18.3-6+deb11u3 > openssl/libssl1.1@1.1.1n-0+deb11u4

✗ Low severity vulnerability found in ncurses/libtinfo6
  Description: Out-of-bounds Read
  Info: https://security.snyk.io/vuln/SNYK-DEBIAN11-NCURSES-2767191
  Introduced through: ncurses/libtinfo6@6.2+20201114-2, bash@5.1-2+deb11u1, ncurses/ncurses-bin@6.2+20201114-2, util-linux/mount@2.36.1-8+deb11u1, ncurses/ncurses-base@6.2+20201114-2
  From: ncurses/libtinfo6@6.2+20201114-2
  From: bash@5.1-2+deb11u1 > ncurses/libtinfo6@6.2+20201114-2
  From: ncurses/ncurses-bin@6.2+20201114-2 > ncurses/libtinfo6@6.2+20201114-2
  and 3 more...

✗ Low severity vulnerability found in libzstd/libzstd1
  Description: Resource Exhaustion
  Info: https://security.snyk.io/vuln/SNYK-DEBIAN11-LIBZSTD-5406388
  Introduced through: libzstd/libzstd1@1.4.8+dfsg-2.1, apt@2.2.4
  From: libzstd/libzstd1@1.4.8+dfsg-2.1
  From: apt@2.2.4 > apt/libapt-pkg6.0@2.2.4 > libzstd/libzstd1@1.4.8+dfsg-2.1
  From: apt@2.2.4 > apt/libapt-pkg6.0@2.2.4 > systemd/libsystemd0@247.3-7+deb11u1 > libzstd/libzstd1@1.4.8+dfsg-2.1

✗ Low severity vulnerability found in libsepol/libsepol1
  Description: Use After Free
  Info: https://security.snyk.io/vuln/SNYK-DEBIAN11-LIBSEPOL-1315627
  Introduced through: libsepol/libsepol1@3.1-1, adduser@3.118
  From: libsepol/libsepol1@3.1-1
  From: adduser@3.118 > shadow/passwd@1:4.8.1-1 > libsemanage/libsemanage1@3.1-1+b2 > libsepol/libsepol1@3.1-1

✗ Low severity vulnerability found in libsepol/libsepol1
  Description: Out-of-bounds Read
  Info: https://security.snyk.io/vuln/SNYK-DEBIAN11-LIBSEPOL-1315629
  Introduced through: libsepol/libsepol1@3.1-1, adduser@3.118
  From: libsepol/libsepol1@3.1-1
  From: adduser@3.118 > shadow/passwd@1:4.8.1-1 > libsemanage/libsemanage1@3.1-1+b2 > libsepol/libsepol1@3.1-1

✗ Low severity vulnerability found in libsepol/libsepol1
  Description: Use After Free
  Info: https://security.snyk.io/vuln/SNYK-DEBIAN11-LIBSEPOL-1315635
  Introduced through: libsepol/libsepol1@3.1-1, adduser@3.118
  From: libsepol/libsepol1@3.1-1
  From: adduser@3.118 > shadow/passwd@1:4.8.1-1 > libsemanage/libsemanage1@3.1-1+b2 > libsepol/libsepol1@3.1-1

✗ Low severity vulnerability found in libsepol/libsepol1
  Description: Use After Free
  Info: https://security.snyk.io/vuln/SNYK-DEBIAN11-LIBSEPOL-1315641
  Introduced through: libsepol/libsepol1@3.1-1, adduser@3.118
  From: libsepol/libsepol1@3.1-1
  From: adduser@3.118 > shadow/passwd@1:4.8.1-1 > libsemanage/libsemanage1@3.1-1+b2 > libsepol/libsepol1@3.1-1

✗ Low severity vulnerability found in libgcrypt20
  Description: Information Exposure
  Info: https://security.snyk.io/vuln/SNYK-DEBIAN11-LIBGCRYPT20-1297892
  Introduced through: libgcrypt20@1.8.7-6, apt@2.2.4
  From: libgcrypt20@1.8.7-6
  From: apt@2.2.4 > apt/libapt-pkg6.0@2.2.4 > libgcrypt20@1.8.7-6
  From: apt@2.2.4 > gnupg2/gpgv@2.2.27-2+deb11u2 > libgcrypt20@1.8.7-6
  and 1 more...

✗ Low severity vulnerability found in libgcrypt20
  Description: Use of a Broken or Risky Cryptographic Algorithm
  Info: https://security.snyk.io/vuln/SNYK-DEBIAN11-LIBGCRYPT20-523947
  Introduced through: libgcrypt20@1.8.7-6, apt@2.2.4
  From: libgcrypt20@1.8.7-6
  From: apt@2.2.4 > apt/libapt-pkg6.0@2.2.4 > libgcrypt20@1.8.7-6
  From: apt@2.2.4 > gnupg2/gpgv@2.2.27-2+deb11u2 > libgcrypt20@1.8.7-6
  and 1 more...

✗ Low severity vulnerability found in krb5/libk5crypto3
  Description: Integer Overflow or Wraparound
  Info: https://security.snyk.io/vuln/SNYK-DEBIAN11-KRB5-524883
  Introduced through: krb5/libk5crypto3@1.18.3-6+deb11u3, adduser@3.118, krb5/libkrb5-3@1.18.3-6+deb11u3, krb5/libgssapi-krb5-2@1.18.3-6+deb11u3, meta-common-packages@meta
  From: krb5/libk5crypto3@1.18.3-6+deb11u3
  From: adduser@3.118 > shadow/passwd@1:4.8.1-1 > pam/libpam-modules@1.4.0-9+deb11u1 > libnsl/libnsl2@1.3.0-2 > libtirpc/libtirpc3@1.3.1-1+deb11u1 > krb5/libgssapi-krb5-2@1.18.3-6+deb11u3 > krb5/libk5crypto3@1.18.3-6+deb11u3
  From: adduser@3.118 > shadow/passwd@1:4.8.1-1 > pam/libpam-modules@1.4.0-9+deb11u1 > libnsl/libnsl2@1.3.0-2 > libtirpc/libtirpc3@1.3.1-1+deb11u1 > krb5/libgssapi-krb5-2@1.18.3-6+deb11u3 > krb5/libkrb5-3@1.18.3-6+deb11u3 > krb5/libk5crypto3@1.18.3-6+deb11u3
  and 5 more...

✗ Low severity vulnerability found in gnutls28/libgnutls30
  Description: Improper Input Validation
  Info: https://security.snyk.io/vuln/SNYK-DEBIAN11-GNUTLS28-515971
  Introduced through: gnutls28/libgnutls30@3.7.1-5+deb11u3, apt@2.2.4
  From: gnutls28/libgnutls30@3.7.1-5+deb11u3
  From: apt@2.2.4 > gnutls28/libgnutls30@3.7.1-5+deb11u3

✗ Low severity vulnerability found in gnupg2/gpgv
  Description: Out-of-bounds Write
  Info: https://security.snyk.io/vuln/SNYK-DEBIAN11-GNUPG2-3330745
  Introduced through: gnupg2/gpgv@2.2.27-2+deb11u2, apt@2.2.4
  From: gnupg2/gpgv@2.2.27-2+deb11u2
  From: apt@2.2.4 > gnupg2/gpgv@2.2.27-2+deb11u2

✗ Low severity vulnerability found in glibc/libc-bin
  Description: Out-of-Bounds
  Info: https://security.snyk.io/vuln/SNYK-DEBIAN11-GLIBC-521063
  Introduced through: glibc/libc-bin@2.31-13+deb11u5, meta-common-packages@meta
  From: glibc/libc-bin@2.31-13+deb11u5
  From: meta-common-packages@meta > glibc/libc6@2.31-13+deb11u5

✗ Low severity vulnerability found in glibc/libc-bin
  Description: Uncontrolled Recursion
  Info: https://security.snyk.io/vuln/SNYK-DEBIAN11-GLIBC-521199
  Introduced through: glibc/libc-bin@2.31-13+deb11u5, meta-common-packages@meta
  From: glibc/libc-bin@2.31-13+deb11u5
  From: meta-common-packages@meta > glibc/libc6@2.31-13+deb11u5

✗ Low severity vulnerability found in glibc/libc-bin
  Description: Use of Insufficiently Random Values
  Info: https://security.snyk.io/vuln/SNYK-DEBIAN11-GLIBC-522385
  Introduced through: glibc/libc-bin@2.31-13+deb11u5, meta-common-packages@meta
  From: glibc/libc-bin@2.31-13+deb11u5
  From: meta-common-packages@meta > glibc/libc6@2.31-13+deb11u5

✗ Low severity vulnerability found in glibc/libc-bin
  Description: Information Exposure
  Info: https://security.snyk.io/vuln/SNYK-DEBIAN11-GLIBC-529848
  Introduced through: glibc/libc-bin@2.31-13+deb11u5, meta-common-packages@meta
  From: glibc/libc-bin@2.31-13+deb11u5
  From: meta-common-packages@meta > glibc/libc6@2.31-13+deb11u5

✗ Low severity vulnerability found in glibc/libc-bin
  Description: CVE-2019-1010023
  Info: https://security.snyk.io/vuln/SNYK-DEBIAN11-GLIBC-531451
  Introduced through: glibc/libc-bin@2.31-13+deb11u5, meta-common-packages@meta
  From: glibc/libc-bin@2.31-13+deb11u5
  From: meta-common-packages@meta > glibc/libc6@2.31-13+deb11u5

✗ Low severity vulnerability found in glibc/libc-bin
  Description: Uncontrolled Recursion
  Info: https://security.snyk.io/vuln/SNYK-DEBIAN11-GLIBC-531492
  Introduced through: glibc/libc-bin@2.31-13+deb11u5, meta-common-packages@meta
  From: glibc/libc-bin@2.31-13+deb11u5
  From: meta-common-packages@meta > glibc/libc6@2.31-13+deb11u5

✗ Low severity vulnerability found in glibc/libc-bin
  Description: Resource Management Errors
  Info: https://security.snyk.io/vuln/SNYK-DEBIAN11-GLIBC-532215
  Introduced through: glibc/libc-bin@2.31-13+deb11u5, meta-common-packages@meta
  From: glibc/libc-bin@2.31-13+deb11u5
  From: meta-common-packages@meta > glibc/libc6@2.31-13+deb11u5

✗ Low severity vulnerability found in e2fsprogs/libcom-err2
  Description: Out-of-bounds Read
  Info: https://security.snyk.io/vuln/SNYK-DEBIAN11-E2FSPROGS-2628459
  Introduced through: e2fsprogs/libcom-err2@1.46.2-2, e2fsprogs@1.46.2-2, adduser@3.118, e2fsprogs/libext2fs2@1.46.2-2, e2fsprogs/libss2@1.46.2-2, e2fsprogs/logsave@1.46.2-2
  From: e2fsprogs/libcom-err2@1.46.2-2
  From: e2fsprogs@1.46.2-2 > e2fsprogs/libcom-err2@1.46.2-2
  From: e2fsprogs@1.46.2-2 > e2fsprogs/libss2@1.46.2-2 > e2fsprogs/libcom-err2@1.46.2-2
  and 9 more...

✗ Low severity vulnerability found in db5.3/libdb5.3
  Description: Out-of-bounds Read
  Info: https://security.snyk.io/vuln/SNYK-DEBIAN11-DB53-2825168
  Introduced through: db5.3/libdb5.3@5.3.28+dfsg1-0.8, adduser@3.118
  From: db5.3/libdb5.3@5.3.28+dfsg1-0.8
  From: adduser@3.118 > shadow/passwd@1:4.8.1-1 > pam/libpam-modules@1.4.0-9+deb11u1 > db5.3/libdb5.3@5.3.28+dfsg1-0.8

✗ Low severity vulnerability found in coreutils/coreutils
  Description: Improper Input Validation
  Info: https://security.snyk.io/vuln/SNYK-DEBIAN11-COREUTILS-514776
  Introduced through: coreutils/coreutils@8.32-4+b1
  From: coreutils/coreutils@8.32-4+b1

✗ Low severity vulnerability found in coreutils/coreutils
  Description: Race Condition
  Info: https://security.snyk.io/vuln/SNYK-DEBIAN11-COREUTILS-527269
  Introduced through: coreutils/coreutils@8.32-4+b1
  From: coreutils/coreutils@8.32-4+b1

✗ Low severity vulnerability found in bash
  Description: Out-of-bounds Write
  Info: https://security.snyk.io/vuln/SNYK-DEBIAN11-BASH-3112361
  Introduced through: bash@5.1-2+deb11u1
  From: bash@5.1-2+deb11u1

✗ Low severity vulnerability found in apt/libapt-pkg6.0
  Description: Improper Verification of Cryptographic Signature
  Info: https://security.snyk.io/vuln/SNYK-DEBIAN11-APT-522585
  Introduced through: apt/libapt-pkg6.0@2.2.4, apt@2.2.4
  From: apt/libapt-pkg6.0@2.2.4
  From: apt@2.2.4 > apt/libapt-pkg6.0@2.2.4
  From: apt@2.2.4

✗ High severity vulnerability found in ncurses/libtinfo6
  Description: Out-of-bounds Write
  Info: https://security.snyk.io/vuln/SNYK-DEBIAN11-NCURSES-5421197
  Introduced through: ncurses/libtinfo6@6.2+20201114-2, bash@5.1-2+deb11u1, ncurses/ncurses-bin@6.2+20201114-2, util-linux/mount@2.36.1-8+deb11u1, ncurses/ncurses-base@6.2+20201114-2
  From: ncurses/libtinfo6@6.2+20201114-2
  From: bash@5.1-2+deb11u1 > ncurses/libtinfo6@6.2+20201114-2
  From: ncurses/ncurses-bin@6.2+20201114-2 > ncurses/libtinfo6@6.2+20201114-2
  and 3 more...



Organization:      piotrkardasz-924
Package manager:   deb
Project name:      docker-image|debian
Docker image:      debian:bullseye-slim
Platform:          linux/amd64
Base image:        debian:11.6-slim
Licenses:          enabled

Tested 97 dependencies for known issues, found 49 issues.

According to our scan, you are currently using the most secure version of the selected base image


